<?xml version="1.0" encoding="UTF-8"?>
<!-- Generated by org.testng.reporters.JUnitReportReporter -->
<testsuite hostname="DESKTOP-N4DS0TK" failures="0" tests="4" name="TestNG.DataProviderDemo" time="0.010" errors="0" timestamp="2021-09-27T17:49:10 IST" skipped="0">
  <testcase classname="TestNG.DataProviderDemo" name="login" time="0.001"/>
  <system-out/>
  <testcase classname="TestNG.DataProviderDemo" name="login" time="0.007"/>
  <system-out/>
  <testcase classname="TestNG.DataProviderDemo" name="login" time="0.001"/>
  <system-out/>
  <testcase classname="TestNG.DataProviderDemo" name="login" time="0.001"/>
  <system-out/>
</testsuite> <!-- TestNG.DataProviderDemo -->
