<?xml version="1.0" encoding="UTF-8"?>
<!-- Generated by org.testng.reporters.JUnitReportReporter -->
<testsuite hostname="DESKTOP-N4DS0TK" failures="0" tests="4" name="TestNG.ClassLevel" time="0.009" errors="0" timestamp="2021-09-27T14:40:33 IST" skipped="0">
  <testcase classname="TestNG.ClassLevel" name="tc3" time="0.005"/>
  <system-out/>
  <testcase classname="TestNG.ClassLevel" name="tc2" time="0.001"/>
  <system-out/>
  <testcase classname="TestNG.ClassLevel" name="tc4" time="0.001"/>
  <system-out/>
  <testcase classname="TestNG.ClassLevel" name="tc1" time="0.002"/>
  <system-out/>
</testsuite> <!-- TestNG.ClassLevel -->
