<?xml version="1.0" encoding="UTF-8"?>
<!-- Generated by org.testng.reporters.JUnitReportReporter -->
<testsuite hostname="DESKTOP-N4DS0TK" failures="0" tests="3" name="TestNG.DependencyTc" time="0.013" errors="0" timestamp="2021-09-27T14:34:10 IST" skipped="0">
  <testcase classname="TestNG.DependencyTc" name="sendFriendRequest" time="0.002"/>
  <system-out/>
  <testcase classname="TestNG.DependencyTc" name="receiveFriendRequest" time="0.001"/>
  <system-out/>
  <testcase classname="TestNG.DependencyTc" name="login" time="0.010"/>
  <system-out/>
</testsuite> <!-- TestNG.DependencyTc -->
