<?xml version="1.0" encoding="UTF-8"?>
<!-- Generated by org.testng.reporters.JUnitReportReporter -->
<testsuite hostname="DESKTOP-N4DS0TK" failures="0" tests="3" name="TestNG.LoginPage" time="0.010" errors="0" timestamp="2021-09-27T17:18:00 IST" skipped="0">
  <testcase classname="TestNG.LoginPage" name="android1" time="0.008"/>
  <system-out/>
  <testcase classname="TestNG.LoginPage" name="android3" time="0.001"/>
  <system-out/>
  <testcase classname="TestNG.LoginPage" name="android2" time="0.001"/>
  <system-out/>
</testsuite> <!-- TestNG.LoginPage -->
