<?xml version="1.0" encoding="UTF-8"?>
<!-- Generated by org.testng.reporters.JUnitReportReporter -->
<testsuite hostname="DESKTOP-N4DS0TK" failures="0" tests="2" name="TestNG.AnnotationsDemo" time="0.014" errors="0" timestamp="2022-02-25T21:43:01 IST" skipped="0">
  <testcase classname="TestNG.AnnotationsDemo" name="validateLogin" time="0.011"/>
  <system-out/>
  <testcase classname="TestNG.AnnotationsDemo" name="validateTitle" time="0.003"/>
  <system-out/>
</testsuite> <!-- TestNG.AnnotationsDemo -->
