<?xml version="1.0" encoding="UTF-8"?>
<!-- Generated by org.testng.reporters.JUnitReportReporter -->
<testsuite hostname="DESKTOP-N4DS0TK" failures="0" tests="2" name="Testcases.com.LoginPageTest" time="15.393" errors="0" timestamp="2021-09-29T20:19:47 IST" skipped="0">
  <testcase classname="Testcases.com.LoginPageTest" name="validateTitleTest" time="4.674"/>
  <system-out/>
  <testcase classname="Testcases.com.LoginPageTest" name="validateLoginTest" time="10.719"/>
  <system-out/>
</testsuite> <!-- Testcases.com.LoginPageTest -->
