<?xml version="1.0" encoding="UTF-8"?>
<!-- Generated by org.testng.reporters.JUnitReportReporter -->
<testsuite hostname="DESKTOP-N4DS0TK" failures="0" tests="1" name="Testcases.com.DashboardPageTest" time="0.008" errors="0" timestamp="2021-09-28T18:10:22 IST" skipped="0">
  <testcase classname="Testcases.com.DashboardPageTest" name="validateDashboardTab" time="0.008"/>
  <system-out/>
</testsuite> <!-- Testcases.com.DashboardPageTest -->
