<?xml version="1.0" encoding="UTF-8"?>
<!-- Generated by org.testng.reporters.JUnitReportReporter -->
<testsuite hostname="DESKTOP-N4DS0TK" failures="0" tests="1" name="com.testcases.RegisterPageTest" time="0.013" errors="0" timestamp="2021-10-05T18:10:22 IST" skipped="0">
  <testcase classname="com.testcases.RegisterPageTest" name="RegisterValidate" time="0.013"/>
  <system-out/>
</testsuite> <!-- com.testcases.RegisterPageTest -->
